[debug] [2022-12-12T07:28:55.590Z] ----------------------------------------------------------------------
[debug] [2022-12-12T07:28:55.592Z] Command:       /opt/homebrew/Cellar/node/19.0.1/bin/node /opt/homebrew/bin/firebase init storage
[debug] [2022-12-12T07:28:55.593Z] CLI Version:   11.16.1
[debug] [2022-12-12T07:28:55.593Z] Platform:      darwin
[debug] [2022-12-12T07:28:55.593Z] Node Version:  v19.0.1
[debug] [2022-12-12T07:28:55.593Z] Time:          Mon Dec 12 2022 02:28:55 GMT-0500 (Eastern Standard Time)
[debug] [2022-12-12T07:28:55.593Z] ----------------------------------------------------------------------
[debug] 
[debug] [2022-12-12T07:28:55.594Z] >>> [apiv2][query] GET https://firebase-public.firebaseio.com/cli.json [none]
[debug] [2022-12-12T07:28:55.605Z] > command requires scopes: ["email","openid","https://www.googleapis.com/auth/cloudplatformprojects.readonly","https://www.googleapis.com/auth/firebase","https://www.googleapis.com/auth/cloud-platform"]
[debug] [2022-12-12T07:28:55.606Z] > authorizing via signed-in user (demboyz.sc@gmail.com)
[info] 
     ######## #### ########  ######## ########     ###     ######  ########
     ##        ##  ##     ## ##       ##     ##  ##   ##  ##       ##
     ######    ##  ########  ######   ########  #########  ######  ######
     ##        ##  ##    ##  ##       ##     ## ##     ##       ## ##
     ##       #### ##     ## ######## ########  ##     ##  ######  ########

You're about to initialize a Firebase project in this directory:

  /Users/erikconnerty/Code/DemBoyz

[info] 
=== Project Setup
[info] 
[info] First, let's associate this project directory with a Firebase project.
[info] You can create multiple project aliases by running firebase use --add, 
[info] but for now we'll just set up a default project.
[info] 
[debug] [2022-12-12T07:28:55.721Z] <<< [apiv2][status] GET https://firebase-public.firebaseio.com/cli.json 200
[debug] [2022-12-12T07:28:55.721Z] <<< [apiv2][body] GET https://firebase-public.firebaseio.com/cli.json {"cloudBuildErrorAfter":1594252800000,"cloudBuildWarnAfter":1590019200000,"defaultNode10After":1594252800000,"minVersion":"3.0.5","node8DeploysDisabledAfter":1613390400000,"node8RuntimeDisabledAfter":1615809600000,"node8WarnAfter":1600128000000}
